c:\users\sai krishna\desktop\ood\projects\p3\sockets\server\debug\vc120.pdb
c:\users\sai krishna\desktop\ood\projects\p3\sockets\server\debug\vc120.idb
c:\users\sai krishna\desktop\ood\projects\p3\sockets\server\debug\apphelpers.obj
c:\users\sai krishna\desktop\ood\projects\p3\sockets\server\debug\display.obj
c:\users\sai krishna\desktop\ood\projects\p3\sockets\server\debug\message.obj
c:\users\sai krishna\desktop\ood\projects\p3\sockets\server\debug\cpp11-blockingqueue.obj
c:\users\sai krishna\desktop\ood\projects\p3\sockets\server\debug\qserver.obj
c:\users\sai krishna\desktop\ood\projects\p3\sockets\server\debug\receiver.obj
c:\users\sai krishna\desktop\ood\projects\p3\sockets\server\debug\sender.obj
c:\users\sai krishna\desktop\ood\projects\p3\sockets\server\debug\sockets.obj
c:\users\sai krishna\desktop\ood\projects\p3\sockets\server\debug\server.obj
c:\users\sai krishna\desktop\ood\projects\p3\sockets\debug\server.ilk
c:\users\sai krishna\desktop\ood\projects\p3\sockets\debug\server.exe
c:\users\sai krishna\desktop\ood\projects\p3\sockets\debug\server.pdb
c:\users\sai krishna\desktop\ood\projects\p3\sockets\server\debug\server.tlog\cl.command.1.tlog
c:\users\sai krishna\desktop\ood\projects\p3\sockets\server\debug\server.tlog\cl.read.1.tlog
c:\users\sai krishna\desktop\ood\projects\p3\sockets\server\debug\server.tlog\cl.write.1.tlog
c:\users\sai krishna\desktop\ood\projects\p3\sockets\server\debug\server.tlog\link.command.1.tlog
c:\users\sai krishna\desktop\ood\projects\p3\sockets\server\debug\server.tlog\link.read.1.tlog
c:\users\sai krishna\desktop\ood\projects\p3\sockets\server\debug\server.tlog\link.write.1.tlog
