c:\users\sai krishna\desktop\ood\projects\p3\sockets\client\debug\vc120.pdb
c:\users\sai krishna\desktop\ood\projects\p3\sockets\client\debug\vc120.idb
c:\users\sai krishna\desktop\ood\projects\p3\sockets\client\debug\apphelpers.obj
c:\users\sai krishna\desktop\ood\projects\p3\sockets\client\debug\display.obj
c:\users\sai krishna\desktop\ood\projects\p3\sockets\client\debug\message.obj
c:\users\sai krishna\desktop\ood\projects\p3\sockets\client\debug\cpp11-blockingqueue.obj
c:\users\sai krishna\desktop\ood\projects\p3\sockets\client\debug\qserver.obj
c:\users\sai krishna\desktop\ood\projects\p3\sockets\client\debug\receiver.obj
c:\users\sai krishna\desktop\ood\projects\p3\sockets\client\debug\sender.obj
c:\users\sai krishna\desktop\ood\projects\p3\sockets\client\debug\sockets.obj
c:\users\sai krishna\desktop\ood\projects\p3\sockets\client\debug\client.obj
c:\users\sai krishna\desktop\ood\projects\p3\sockets\debug\client.ilk
c:\users\sai krishna\desktop\ood\projects\p3\sockets\debug\client.exe
c:\users\sai krishna\desktop\ood\projects\p3\sockets\debug\client.pdb
c:\users\sai krishna\desktop\ood\projects\p3\sockets\client\debug\client.tlog\cl.command.1.tlog
c:\users\sai krishna\desktop\ood\projects\p3\sockets\client\debug\client.tlog\cl.read.1.tlog
c:\users\sai krishna\desktop\ood\projects\p3\sockets\client\debug\client.tlog\cl.write.1.tlog
c:\users\sai krishna\desktop\ood\projects\p3\sockets\client\debug\client.tlog\link.command.1.tlog
c:\users\sai krishna\desktop\ood\projects\p3\sockets\client\debug\client.tlog\link.read.1.tlog
c:\users\sai krishna\desktop\ood\projects\p3\sockets\client\debug\client.tlog\link.write.1.tlog
